<?xml version="1.0" encoding="UTF-8"?>
<!-- Generated by org.testng.reporters.JUnitReportReporter -->
<testsuite skipped="4" hostname="Networking" name="Testpackage3.ExcelParameterization" tests="6" failures="0" timestamp="21 Aug 2020 04:10:58 GMT" time="29.204" errors="0">
  <testcase name="x" time="14.086" classname="Testpackage3.ExcelParameterization"/>
  <testcase name="x" time="0.004" classname="Testpackage3.ExcelParameterization">
    <skipped/>
  </testcase> <!-- x -->
  <testcase name="x" time="0.007" classname="Testpackage3.ExcelParameterization">
    <skipped/>
  </testcase> <!-- x -->
  <testcase name="x" time="0.005" classname="Testpackage3.ExcelParameterization">
    <skipped/>
  </testcase> <!-- x -->
  <testcase name="x" time="15.098" classname="Testpackage3.ExcelParameterization"/>
  <testcase name="x" time="0.004" classname="Testpackage3.ExcelParameterization">
    <skipped/>
  </testcase> <!-- x -->
</testsuite> <!-- Testpackage3.ExcelParameterization -->
