<?xml version="1.0" encoding="UTF-8"?>
<!-- Generated by org.testng.reporters.JUnitReportReporter -->
<testsuite skipped="4" hostname="Networking" name="Testpackage3.ExcelParameterizationWithHashTable" tests="6" failures="0" timestamp="21 Aug 2020 04:30:54 GMT" time="26.851" errors="0">
  <testcase name="x" time="0.005" classname="Testpackage3.ExcelParameterizationWithHashTable">
    <skipped/>
  </testcase> <!-- x -->
  <testcase name="x" time="0.004" classname="Testpackage3.ExcelParameterizationWithHashTable">
    <skipped/>
  </testcase> <!-- x -->
  <testcase name="x" time="0.003" classname="Testpackage3.ExcelParameterizationWithHashTable">
    <skipped/>
  </testcase> <!-- x -->
  <testcase name="x" time="13.489" classname="Testpackage3.ExcelParameterizationWithHashTable"/>
  <testcase name="x" time="13.345" classname="Testpackage3.ExcelParameterizationWithHashTable"/>
  <testcase name="x" time="0.005" classname="Testpackage3.ExcelParameterizationWithHashTable">
    <skipped/>
  </testcase> <!-- x -->
</testsuite> <!-- Testpackage3.ExcelParameterizationWithHashTable -->
