<?xml version="1.0" encoding="UTF-8"?>
<!-- Generated by org.testng.reporters.JUnitReportReporter -->
<testsuite skipped="0" hostname="Networking" name="parallelTest.TestBrowser" tests="2" failures="0" timestamp="26 Aug 2020 03:40:05 GMT" time="4.211" errors="0">
  <testcase name="doLogin" time="2.106" classname="parallelTest.TestBrowser"/>
  <testcase name="doLogin" time="2.105" classname="parallelTest.TestBrowser"/>
</testsuite> <!-- parallelTest.TestBrowser -->
