<?xml version="1.0" encoding="UTF-8"?>
<!-- Generated by org.testng.reporters.JUnitReportReporter -->
<testsuite skipped="0" hostname="Networking" name="parallelTest.TestInvocation" tests="5" failures="0" timestamp="26 Aug 2020 03:54:32 GMT" time="66.676" errors="0">
  <testcase name="executeTest" time="15.181" classname="parallelTest.TestInvocation"/>
  <testcase name="executeTest" time="13.740" classname="parallelTest.TestInvocation"/>
  <testcase name="executeTest" time="13.752" classname="parallelTest.TestInvocation"/>
  <testcase name="executeTest" time="15.181" classname="parallelTest.TestInvocation"/>
  <testcase name="executeTest" time="8.822" classname="parallelTest.TestInvocation"/>
</testsuite> <!-- parallelTest.TestInvocation -->
