<?xml version="1.0" encoding="UTF-8"?>
<!-- Generated by org.testng.reporters.JUnitReportReporter -->
<testsuite skipped="0" hostname="Networking" name="Testpackage3.TestCase4" tests="2" failures="0" timestamp="21 Aug 2020 03:42:09 GMT" time="33.817" errors="0">
  <testcase name="x" time="9.018" classname="Testpackage3.TestCase4"/>
  <testcase name="x" time="24.799" classname="Testpackage3.TestCase4"/>
</testsuite> <!-- Testpackage3.TestCase4 -->
