<?xml version="1.0" encoding="UTF-8"?>
<!-- Generated by org.testng.reporters.JUnitReportReporter -->
<testsuite skipped="0" hostname="Networking" name="Testpackage2.TestCase3" tests="2" failures="0" timestamp="19 Aug 2020 04:10:18 GMT" time="26.844" errors="0">
  <testcase name="b" time="11.270" classname="Testpackage2.TestCase3"/>
  <testcase name="b" time="15.574" classname="Testpackage2.TestCase3"/>
</testsuite> <!-- Testpackage2.TestCase3 -->
