<?xml version="1.0" encoding="UTF-8"?>
<!-- Generated by org.testng.reporters.JUnitReportReporter -->
<testsuite skipped="0" hostname="Networking" name="parallelTest.TestParallelDP" tests="4" failures="0" timestamp="26 Aug 2020 03:47:34 GMT" time="8.465" errors="0">
  <testcase name="doLogin" time="2.115" classname="parallelTest.TestParallelDP"/>
  <testcase name="doLogin" time="2.114" classname="parallelTest.TestParallelDP"/>
  <testcase name="doLogin" time="2.115" classname="parallelTest.TestParallelDP"/>
  <testcase name="doLogin" time="2.121" classname="parallelTest.TestParallelDP"/>
</testsuite> <!-- parallelTest.TestParallelDP -->
