<?xml version="1.0" encoding="UTF-8"?>
<!-- Generated by org.testng.reporters.JUnitReportReporter -->
<testsuite skipped="0" hostname="Networking" name="Testpackage3.TestParameterizationByMultipleDataProviders" tests="4" failures="0" timestamp="26 Aug 2020 03:46:13 GMT" time="8.214" errors="0">
  <testcase name="InvalidLogin" time="2.097" classname="Testpackage3.TestParameterizationByMultipleDataProviders"/>
  <testcase name="doLogin" time="2.011" classname="Testpackage3.TestParameterizationByMultipleDataProviders"/>
  <testcase name="doLogin" time="2.008" classname="Testpackage3.TestParameterizationByMultipleDataProviders"/>
  <testcase name="InvalidLogin" time="2.098" classname="Testpackage3.TestParameterizationByMultipleDataProviders"/>
</testsuite> <!-- Testpackage3.TestParameterizationByMultipleDataProviders -->
