<?xml version="1.0" encoding="UTF-8"?>
<!-- Generated by org.testng.reporters.JUnitReportReporter -->
<testsuite skipped="1" hostname="Networking" name="Testpackage.FirstTestCase" tests="3" failures="0" timestamp="18 Aug 2020 04:14:50 GMT" time="26.608" errors="0">
  <testcase name="c" time="11.594" classname="Testpackage.FirstTestCase"/>
  <testcase name="b" time="15.014" classname="Testpackage.FirstTestCase"/>
  <testcase name="a" classname="Testpackage.FirstTestCase">
    <skipped/>
  </testcase> <!-- a -->
</testsuite> <!-- Testpackage.FirstTestCase -->
