<?xml version="1.0" encoding="UTF-8"?>
<!-- Generated by org.testng.reporters.JUnitReportReporter -->
<testsuite skipped="0" hostname="Networking" name="Testpackage2.TestCase2" tests="1" failures="0" timestamp="19 Aug 2020 04:22:28 GMT" time="13.744" errors="0">
  <testcase name="c" time="13.744" classname="Testpackage2.TestCase2"/>
</testsuite> <!-- Testpackage2.TestCase2 -->
