<?xml version="1.0" encoding="UTF-8"?>
<!-- Generated by org.testng.reporters.JUnitReportReporter -->
<testsuite skipped="0" hostname="Networking" name="FirstTestCase" tests="1" failures="0" timestamp="17 Aug 2020 04:31:31 GMT" time="132.611" errors="0">
  <testcase name="test" time="132.611" classname="FirstTestCase"/>
</testsuite> <!-- FirstTestCase -->
