<?xml version="1.0" encoding="UTF-8"?>
<!-- Generated by org.testng.reporters.JUnitReportReporter -->
<testsuite skipped="0" hostname="Networking" name="Testpackage3.TestParameterizationByDataProvider" tests="2" failures="0" timestamp="21 Aug 2020 03:55:43 GMT" time="0.054" errors="0">
  <testcase name="doLogin" time="0.006" classname="Testpackage3.TestParameterizationByDataProvider"/>
  <testcase name="doLogin" time="0.048" classname="Testpackage3.TestParameterizationByDataProvider"/>
</testsuite> <!-- Testpackage3.TestParameterizationByDataProvider -->
